[40915:13510124:0922/154633.849754:INFO:components/enterprise/browser/controller/chrome_browser_cloud_management_controller.cc:206] No machine level policy manager exists.
[40915:13510124:0922/154636.235215:INFO:CONSOLE:1] "Warning: Component with name Placeholderis not available. Returning a fallback View", source: https://static-assets-web.flixcart.com/batman-returns/batman-returns/p/d8fd65bb98ab157a64091d70651493b6/CrossCommon.js (1)
[40915:13510124:0922/154636.250109:INFO:CONSOLE:1] "Warning: Component with name RNShimmeringViewis not available. Returning a fallback View", source: https://static-assets-web.flixcart.com/batman-returns/batman-returns/p/d8fd65bb98ab157a64091d70651493b6/CrossCommon.js (1)
[40915:13510124:0922/154636.257085:INFO:CONSOLE:1] "Warning: Component with name GifViewis not available. Returning a fallback View", source: https://static-assets-web.flixcart.com/batman-returns/batman-returns/p/d8fd65bb98ab157a64091d70651493b6/CrossCommon.js (1)
[40915:13510124:0922/154636.257251:INFO:CONSOLE:1] "Warning: Component with name LiveVideoViewis not available. Returning a fallback View", source: https://static-assets-web.flixcart.com/batman-returns/batman-returns/p/d8fd65bb98ab157a64091d70651493b6/CrossCommon.js (1)
[40915:13510124:0922/154636.385253:INFO:CONSOLE:0] "<meta name="apple-mobile-web-app-capable" content="yes"> is deprecated. Please include <meta name="mobile-web-app-capable" content="yes">", source: https://www.flipkart.com/ (0)
[40915:13510124:0922/154636.445700:INFO:CONSOLE:1767] "ServiceWorker registration successful with scope:  https://www.flipkart.com/", source: https://www.flipkart.com/ (1767)
[40915:13510124:0922/154636.448299:INFO:CONSOLE:1796] "Sync registration successfull for web push Heart beat", source: https://www.flipkart.com/ (1796)
[40915:13510124:0922/154637.130712:INFO:CONSOLE:1] "setNativeProps is deprecated. Please update props using React state instead.", source: https://static-assets-web.flixcart.com/batman-returns/batman-returns/p/d8fd65bb98ab157a64091d70651493b6/CrossCommon.js (1)
[40915:13510157:0922/154639.627805:ERROR:google_apis/gcm/engine/registration_request.cc:291] Registration response error message: DEPRECATED_ENDPOINT
[40915:13510124:0922/154646.584428:INFO:CONSOLE:1] "[object Object] ContextStore", source: https://static-assets-web.flixcart.com/fk-p-linchpin-web/fk-cp-zion/js/app.chunk.d3d1485a.js (1)
[40915:13510124:0922/154646.625313:INFO:CONSOLE:1] "Flipkart ♥'s web", source: https://static-assets-web.flixcart.com/fk-p-linchpin-web/fk-cp-zion/js/app.chunk.d3d1485a.js (1)
[40915:13510124:0922/154646.629155:INFO:CONSOLE:82] "ServiceWorker registration successful with scope:  https://www.flipkart.com/", source: https://www.flipkart.com/account/login?ret=/ (82)
[40915:13510124:0922/154646.636778:INFO:CONSOLE:1] "[object Object] NewApiCaller:fetchWithContextAndTimeout", source: https://static-assets-web.flixcart.com/fk-p-linchpin-web/fk-cp-zion/js/app.chunk.d3d1485a.js (1)
[40915:13510124:0922/154646.640713:INFO:CONSOLE:1] "[object Object] NewApiCaller:fetchWithContextAndTimeout", source: https://static-assets-web.flixcart.com/fk-p-linchpin-web/fk-cp-zion/js/app.chunk.d3d1485a.js (1)
[40915:13510124:0922/154646.715182:INFO:CONSOLE:1] "[object Object] NewApiCaller:handleDCRedirect", source: https://static-assets-web.flixcart.com/fk-p-linchpin-web/fk-cp-zion/js/app.chunk.d3d1485a.js (1)
[40915:13510124:0922/154646.715394:INFO:CONSOLE:1] "[object Object] ApiCaller:Context:updateHostnameFromPromise:dc change", source: https://static-assets-web.flixcart.com/fk-p-linchpin-web/fk-cp-zion/js/app.chunk.d3d1485a.js (1)
[40915:13510124:0922/154646.715472:INFO:CONSOLE:1] "[object Object] ContextStore:setHostname", source: https://static-assets-web.flixcart.com/fk-p-linchpin-web/fk-cp-zion/js/app.chunk.d3d1485a.js (1)
[40915:13510124:0922/154646.715781:INFO:CONSOLE:1] "[object Object] NewApiCaller:fetchWithContextAndTimeout", source: https://static-assets-web.flixcart.com/fk-p-linchpin-web/fk-cp-zion/js/app.chunk.d3d1485a.js (1)
[40915:13510124:0922/154646.780737:INFO:CONSOLE:1] "[object Object] NewApiCaller:trackRequestFinish", source: https://static-assets-web.flixcart.com/fk-p-linchpin-web/fk-cp-zion/js/app.chunk.d3d1485a.js (1)
[40915:13510124:0922/154646.824330:INFO:CONSOLE:1] "[object Object] NewApiCaller:handleDCRedirect", source: https://static-assets-web.flixcart.com/fk-p-linchpin-web/fk-cp-zion/js/app.chunk.d3d1485a.js (1)
[40915:13510124:0922/154646.824410:INFO:CONSOLE:1] "[object Object] NewApiCaller:trackRequestFinish", source: https://static-assets-web.flixcart.com/fk-p-linchpin-web/fk-cp-zion/js/app.chunk.d3d1485a.js (1)
[40915:13510124:0922/154646.824582:INFO:CONSOLE:1] "[object Object] NewApiCaller:parseBody", source: https://static-assets-web.flixcart.com/fk-p-linchpin-web/fk-cp-zion/js/app.chunk.d3d1485a.js (1)
[40915:13510157:0922/154700.549682:ERROR:google_apis/gcm/engine/registration_request.cc:291] Registration response error message: DEPRECATED_ENDPOINT
[40915:13510124:0922/154701.197306:INFO:CONSOLE:1] "[object Object] NewApiCaller:fetchWithContextAndTimeout", source: https://static-assets-web.flixcart.com/fk-p-linchpin-web/fk-cp-zion/js/app.chunk.d3d1485a.js (1)
